--- INTERNAL SERVER ERROR ---
Path: /api/v1/intelligence/entities
Error: Object of type ValueError is not JSON serializable
Traceback (most recent call last):
  File "/Users/haewonkim/home/development/sysgrid/backend/venv/lib/python3.13/site-packages/starlette/_exception_handler.py", line 42, in wrapped_app
    await app(scope, receive, sender)
  File "/Users/haewonkim/home/development/sysgrid/backend/venv/lib/python3.13/site-packages/fastapi/routing.py", line 120, in app
    response = await f(request)
               ^^^^^^^^^^^^^^^^
  File "/Users/haewonkim/home/development/sysgrid/backend/venv/lib/python3.13/site-packages/fastapi/routing.py", line 723, in app
    raise validation_error
fastapi.exceptions.RequestValidationError: 1 validation error:
  {'type': 'value_error', 'loc': ('body',), 'msg': 'Value error, Business purpose is required', 'input': {'name': 'METRICS-EXTERNAL', 'external_key': 'metrics-external', 'type': 'API', 'status': 'Active', 'owner_organization': 'Partner', 'ownership_mode': 'team', 'internal_team_id': 1, 'contacts_json': []}, 'ctx': {'error': ValueError('Business purpose is required')}}

  File "/Users/haewonkim/home/development/sysgrid/backend/app/api/intelligence.py", line 257, in create_entity
    POST /api/v1/intelligence/entities

During handling of the above exception, another exception occurred:

Traceback (most recent call last):
  File "/Users/haewonkim/home/development/sysgrid/backend/venv/lib/python3.13/site-packages/starlette/middleware/errors.py", line 164, in __call__
    await self.app(scope, receive, _send)
  File "/Users/haewonkim/home/development/sysgrid/backend/venv/lib/python3.13/site-packages/starlette/middleware/cors.py", line 88, in __call__
    await self.app(scope, receive, send)
  File "/Users/haewonkim/home/development/sysgrid/backend/venv/lib/python3.13/site-packages/starlette/middleware/exceptions.py", line 63, in __call__
    await wrap_app_handling_exceptions(self.app, conn)(scope, receive, send)
  File "/Users/haewonkim/home/development/sysgrid/backend/venv/lib/python3.13/site-packages/starlette/_exception_handler.py", line 53, in wrapped_app
    raise exc
  File "/Users/haewonkim/home/development/sysgrid/backend/venv/lib/python3.13/site-packages/starlette/_exception_handler.py", line 42, in wrapped_app
    await app(scope, receive, sender)
  File "/Users/haewonkim/home/development/sysgrid/backend/venv/lib/python3.13/site-packages/fastapi/middleware/asyncexitstack.py", line 18, in __call__
    await self.app(scope, receive, send)
  File "/Users/haewonkim/home/development/sysgrid/backend/venv/lib/python3.13/site-packages/starlette/routing.py", line 660, in __call__
    await self.middleware_stack(scope, receive, send)
  File "/Users/haewonkim/home/development/sysgrid/backend/venv/lib/python3.13/site-packages/starlette/routing.py", line 680, in app
    await route.handle(scope, receive, send)
  File "/Users/haewonkim/home/development/sysgrid/backend/venv/lib/python3.13/site-packages/starlette/routing.py", line 276, in handle
    await self.app(scope, receive, send)
  File "/Users/haewonkim/home/development/sysgrid/backend/venv/lib/python3.13/site-packages/fastapi/routing.py", line 134, in app
    await wrap_app_handling_exceptions(app, request)(scope, receive, send)
  File "/Users/haewonkim/home/development/sysgrid/backend/venv/lib/python3.13/site-packages/starlette/_exception_handler.py", line 59, in wrapped_app
    response = await handler(conn, exc)
               ^^^^^^^^^^^^^^^^^^^^^^^^
  File "/Users/haewonkim/home/development/sysgrid/backend/app/api/error_utils.py", line 8, in validation_exception_handler
    return JSONResponse(
        status_code=422,
        content={"detail": exc.errors(), "message": "Validation Failed"},
    )
  File "/Users/haewonkim/home/development/sysgrid/backend/venv/lib/python3.13/site-packages/starlette/responses.py", line 192, in __init__
    super().__init__(content, status_code, headers, media_type, background)
    ~~~~~~~~~~~~~~~~^^^^^^^^^^^^^^^^^^^^^^^^^^^^^^^^^^^^^^^^^^^^^^^^^^^^^^^
  File "/Users/haewonkim/home/development/sysgrid/backend/venv/lib/python3.13/site-packages/starlette/responses.py", line 45, in __init__
    self.body = self.render(content)
                ~~~~~~~~~~~^^^^^^^^^
  File "/Users/haewonkim/home/development/sysgrid/backend/venv/lib/python3.13/site-packages/starlette/responses.py", line 195, in render
    return json.dumps(
           ~~~~~~~~~~^
        content,
        ^^^^^^^^
    ...<3 lines>...
        separators=(",", ":"),
        ^^^^^^^^^^^^^^^^^^^^^^
    ).encode("utf-8")
    ^
  File "/opt/homebrew/Cellar/python@3.13/3.13.13_1/Frameworks/Python.framework/Versions/3.13/lib/python3.13/json/__init__.py", line 242, in dumps
    **kw).encode(obj)
          ~~~~~~^^^^^
  File "/opt/homebrew/Cellar/python@3.13/3.13.13_1/Frameworks/Python.framework/Versions/3.13/lib/python3.13/json/encoder.py", line 202, in encode
    chunks = self.iterencode(o, _one_shot=True)
  File "/opt/homebrew/Cellar/python@3.13/3.13.13_1/Frameworks/Python.framework/Versions/3.13/lib/python3.13/json/encoder.py", line 263, in iterencode
    return _iterencode(o, 0)
  File "/opt/homebrew/Cellar/python@3.13/3.13.13_1/Frameworks/Python.framework/Versions/3.13/lib/python3.13/json/encoder.py", line 182, in default
    raise TypeError(f'Object of type {o.__class__.__name__} '
                    f'is not JSON serializable')
TypeError: Object of type ValueError is not JSON serializable

----------------------------
--- INTERNAL SERVER ERROR ---
Path: /api/v1/devices/1/hardware
Error: 'tenant_id' is an invalid keyword argument for HardwareComponent
Traceback (most recent call last):
  File "/Users/haewonkim/home/development/sysgrid/backend/venv/lib/python3.13/site-packages/starlette/middleware/errors.py", line 164, in __call__
    await self.app(scope, receive, _send)
  File "/Users/haewonkim/home/development/sysgrid/backend/venv/lib/python3.13/site-packages/starlette/middleware/cors.py", line 88, in __call__
    await self.app(scope, receive, send)
  File "/Users/haewonkim/home/development/sysgrid/backend/venv/lib/python3.13/site-packages/starlette/middleware/exceptions.py", line 63, in __call__
    await wrap_app_handling_exceptions(self.app, conn)(scope, receive, send)
  File "/Users/haewonkim/home/development/sysgrid/backend/venv/lib/python3.13/site-packages/starlette/_exception_handler.py", line 53, in wrapped_app
    raise exc
  File "/Users/haewonkim/home/development/sysgrid/backend/venv/lib/python3.13/site-packages/starlette/_exception_handler.py", line 42, in wrapped_app
    await app(scope, receive, sender)
  File "/Users/haewonkim/home/development/sysgrid/backend/venv/lib/python3.13/site-packages/fastapi/middleware/asyncexitstack.py", line 18, in __call__
    await self.app(scope, receive, send)
  File "/Users/haewonkim/home/development/sysgrid/backend/venv/lib/python3.13/site-packages/starlette/routing.py", line 660, in __call__
    await self.middleware_stack(scope, receive, send)
  File "/Users/haewonkim/home/development/sysgrid/backend/venv/lib/python3.13/site-packages/starlette/routing.py", line 680, in app
    await route.handle(scope, receive, send)
  File "/Users/haewonkim/home/development/sysgrid/backend/venv/lib/python3.13/site-packages/starlette/routing.py", line 276, in handle
    await self.app(scope, receive, send)
  File "/Users/haewonkim/home/development/sysgrid/backend/venv/lib/python3.13/site-packages/fastapi/routing.py", line 134, in app
    await wrap_app_handling_exceptions(app, request)(scope, receive, send)
  File "/Users/haewonkim/home/development/sysgrid/backend/venv/lib/python3.13/site-packages/starlette/_exception_handler.py", line 53, in wrapped_app
    raise exc
  File "/Users/haewonkim/home/development/sysgrid/backend/venv/lib/python3.13/site-packages/starlette/_exception_handler.py", line 42, in wrapped_app
    await app(scope, receive, sender)
  File "/Users/haewonkim/home/development/sysgrid/backend/venv/lib/python3.13/site-packages/fastapi/routing.py", line 120, in app
    response = await f(request)
               ^^^^^^^^^^^^^^^^
  File "/Users/haewonkim/home/development/sysgrid/backend/venv/lib/python3.13/site-packages/fastapi/routing.py", line 674, in app
    raw_response = await run_endpoint_function(
                   ^^^^^^^^^^^^^^^^^^^^^^^^^^^^
    ...<3 lines>...
    )
    ^
  File "/Users/haewonkim/home/development/sysgrid/backend/venv/lib/python3.13/site-packages/fastapi/routing.py", line 328, in run_endpoint_function
    return await dependant.call(**values)
           ^^^^^^^^^^^^^^^^^^^^^^^^^^^^^^
  File "/Users/haewonkim/home/development/sysgrid/backend/app/api/devices.py", line 417, in add_hardware
    comp = models.HardwareComponent(device_id=device_id, tenant_id=tenant_id, **clean)
  File "<string>", line 4, in __init__
  File "/Users/haewonkim/home/development/sysgrid/backend/venv/lib/python3.13/site-packages/sqlalchemy/orm/state.py", line 596, in _initialize_instance
    with util.safe_reraise():
         ~~~~~~~~~~~~~~~~~^^
  File "/Users/haewonkim/home/development/sysgrid/backend/venv/lib/python3.13/site-packages/sqlalchemy/util/langhelpers.py", line 121, in __exit__
    raise exc_value.with_traceback(exc_tb)
  File "/Users/haewonkim/home/development/sysgrid/backend/venv/lib/python3.13/site-packages/sqlalchemy/orm/state.py", line 594, in _initialize_instance
    manager.original_init(*mixed[1:], **kwargs)
    ~~~~~~~~~~~~~~~~~~~~~^^^^^^^^^^^^^^^^^^^^^^
  File "/Users/haewonkim/home/development/sysgrid/backend/venv/lib/python3.13/site-packages/sqlalchemy/orm/decl_base.py", line 2179, in _declarative_constructor
    raise TypeError(
        "%r is an invalid keyword argument for %s" % (k, cls_.__name__)
    )
TypeError: 'tenant_id' is an invalid keyword argument for HardwareComponent

----------------------------
--- INTERNAL SERVER ERROR ---
Path: /api/v1/monitoring/1/restore/1
Error: 1 validation error for MonitoringItemResponse
owners.0.operator_id
  Input should be a valid integer [type=int_type, input_value=None, input_type=NoneType]
    For further information visit https://errors.pydantic.dev/2.12/v/int_type
Traceback (most recent call last):
  File "/Users/haewonkim/home/development/sysgrid/backend/venv/lib/python3.13/site-packages/starlette/middleware/errors.py", line 164, in __call__
    await self.app(scope, receive, _send)
  File "/Users/haewonkim/home/development/sysgrid/backend/venv/lib/python3.13/site-packages/starlette/middleware/cors.py", line 88, in __call__
    await self.app(scope, receive, send)
  File "/Users/haewonkim/home/development/sysgrid/backend/venv/lib/python3.13/site-packages/starlette/middleware/exceptions.py", line 63, in __call__
    await wrap_app_handling_exceptions(self.app, conn)(scope, receive, send)
  File "/Users/haewonkim/home/development/sysgrid/backend/venv/lib/python3.13/site-packages/starlette/_exception_handler.py", line 53, in wrapped_app
    raise exc
  File "/Users/haewonkim/home/development/sysgrid/backend/venv/lib/python3.13/site-packages/starlette/_exception_handler.py", line 42, in wrapped_app
    await app(scope, receive, sender)
  File "/Users/haewonkim/home/development/sysgrid/backend/venv/lib/python3.13/site-packages/fastapi/middleware/asyncexitstack.py", line 18, in __call__
    await self.app(scope, receive, send)
  File "/Users/haewonkim/home/development/sysgrid/backend/venv/lib/python3.13/site-packages/starlette/routing.py", line 660, in __call__
    await self.middleware_stack(scope, receive, send)
  File "/Users/haewonkim/home/development/sysgrid/backend/venv/lib/python3.13/site-packages/starlette/routing.py", line 680, in app
    await route.handle(scope, receive, send)
  File "/Users/haewonkim/home/development/sysgrid/backend/venv/lib/python3.13/site-packages/starlette/routing.py", line 276, in handle
    await self.app(scope, receive, send)
  File "/Users/haewonkim/home/development/sysgrid/backend/venv/lib/python3.13/site-packages/fastapi/routing.py", line 134, in app
    await wrap_app_handling_exceptions(app, request)(scope, receive, send)
  File "/Users/haewonkim/home/development/sysgrid/backend/venv/lib/python3.13/site-packages/starlette/_exception_handler.py", line 53, in wrapped_app
    raise exc
  File "/Users/haewonkim/home/development/sysgrid/backend/venv/lib/python3.13/site-packages/starlette/_exception_handler.py", line 42, in wrapped_app
    await app(scope, receive, sender)
  File "/Users/haewonkim/home/development/sysgrid/backend/venv/lib/python3.13/site-packages/fastapi/routing.py", line 120, in app
    response = await f(request)
               ^^^^^^^^^^^^^^^^
  File "/Users/haewonkim/home/development/sysgrid/backend/venv/lib/python3.13/site-packages/fastapi/routing.py", line 674, in app
    raw_response = await run_endpoint_function(
                   ^^^^^^^^^^^^^^^^^^^^^^^^^^^^
    ...<3 lines>...
    )
    ^
  File "/Users/haewonkim/home/development/sysgrid/backend/venv/lib/python3.13/site-packages/fastapi/routing.py", line 328, in run_endpoint_function
    return await dependant.call(**values)
           ^^^^^^^^^^^^^^^^^^^^^^^^^^^^^^
  File "/Users/haewonkim/home/development/sysgrid/backend/app/api/monitoring.py", line 962, in restore_monitoring_history_version
    return await to_monitoring_response(db, item)
           ^^^^^^^^^^^^^^^^^^^^^^^^^^^^^^^^^^^^^^
  File "/Users/haewonkim/home/development/sysgrid/backend/app/api/monitoring.py", line 479, in to_monitoring_response
    resp = schemas.MonitoringItemResponse.model_validate(item)
  File "/Users/haewonkim/home/development/sysgrid/backend/venv/lib/python3.13/site-packages/pydantic/main.py", line 716, in model_validate
    return cls.__pydantic_validator__.validate_python(
           ~~~~~~~~~~~~~~~~~~~~~~~~~~~~~~~~~~~~~~~~~~^
        obj,
        ^^^^
    ...<5 lines>...
        by_name=by_name,
        ^^^^^^^^^^^^^^^^
    )
    ^
pydantic_core._pydantic_core.ValidationError: 1 validation error for MonitoringItemResponse
owners.0.operator_id
  Input should be a valid integer [type=int_type, input_value=None, input_type=NoneType]
    For further information visit https://errors.pydantic.dev/2.12/v/int_type

----------------------------
--- INTERNAL SERVER ERROR ---
Path: /api/v1/monitoring/1/restore/1
Error: 1 validation error for MonitoringItemResponse
owners.0.operator_id
  Input should be a valid integer [type=int_type, input_value=None, input_type=NoneType]
    For further information visit https://errors.pydantic.dev/2.12/v/int_type
Traceback (most recent call last):
  File "/Users/haewonkim/home/development/sysgrid/backend/venv/lib/python3.13/site-packages/starlette/middleware/errors.py", line 164, in __call__
    await self.app(scope, receive, _send)
  File "/Users/haewonkim/home/development/sysgrid/backend/venv/lib/python3.13/site-packages/starlette/middleware/cors.py", line 88, in __call__
    await self.app(scope, receive, send)
  File "/Users/haewonkim/home/development/sysgrid/backend/venv/lib/python3.13/site-packages/starlette/middleware/exceptions.py", line 63, in __call__
    await wrap_app_handling_exceptions(self.app, conn)(scope, receive, send)
  File "/Users/haewonkim/home/development/sysgrid/backend/venv/lib/python3.13/site-packages/starlette/_exception_handler.py", line 53, in wrapped_app
    raise exc
  File "/Users/haewonkim/home/development/sysgrid/backend/venv/lib/python3.13/site-packages/starlette/_exception_handler.py", line 42, in wrapped_app
    await app(scope, receive, sender)
  File "/Users/haewonkim/home/development/sysgrid/backend/venv/lib/python3.13/site-packages/fastapi/middleware/asyncexitstack.py", line 18, in __call__
    await self.app(scope, receive, send)
  File "/Users/haewonkim/home/development/sysgrid/backend/venv/lib/python3.13/site-packages/starlette/routing.py", line 660, in __call__
    await self.middleware_stack(scope, receive, send)
  File "/Users/haewonkim/home/development/sysgrid/backend/venv/lib/python3.13/site-packages/starlette/routing.py", line 680, in app
    await route.handle(scope, receive, send)
  File "/Users/haewonkim/home/development/sysgrid/backend/venv/lib/python3.13/site-packages/starlette/routing.py", line 276, in handle
    await self.app(scope, receive, send)
  File "/Users/haewonkim/home/development/sysgrid/backend/venv/lib/python3.13/site-packages/fastapi/routing.py", line 134, in app
    await wrap_app_handling_exceptions(app, request)(scope, receive, send)
  File "/Users/haewonkim/home/development/sysgrid/backend/venv/lib/python3.13/site-packages/starlette/_exception_handler.py", line 53, in wrapped_app
    raise exc
  File "/Users/haewonkim/home/development/sysgrid/backend/venv/lib/python3.13/site-packages/starlette/_exception_handler.py", line 42, in wrapped_app
    await app(scope, receive, sender)
  File "/Users/haewonkim/home/development/sysgrid/backend/venv/lib/python3.13/site-packages/fastapi/routing.py", line 120, in app
    response = await f(request)
               ^^^^^^^^^^^^^^^^
  File "/Users/haewonkim/home/development/sysgrid/backend/venv/lib/python3.13/site-packages/fastapi/routing.py", line 674, in app
    raw_response = await run_endpoint_function(
                   ^^^^^^^^^^^^^^^^^^^^^^^^^^^^
    ...<3 lines>...
    )
    ^
  File "/Users/haewonkim/home/development/sysgrid/backend/venv/lib/python3.13/site-packages/fastapi/routing.py", line 328, in run_endpoint_function
    return await dependant.call(**values)
           ^^^^^^^^^^^^^^^^^^^^^^^^^^^^^^
  File "/Users/haewonkim/home/development/sysgrid/backend/app/api/monitoring.py", line 962, in restore_monitoring_history_version
    return await to_monitoring_response(db, item)
           ^^^^^^^^^^^^^^^^^^^^^^^^^^^^^^^^^^^^^^
  File "/Users/haewonkim/home/development/sysgrid/backend/app/api/monitoring.py", line 479, in to_monitoring_response
    resp = schemas.MonitoringItemResponse.model_validate(item)
  File "/Users/haewonkim/home/development/sysgrid/backend/venv/lib/python3.13/site-packages/pydantic/main.py", line 716, in model_validate
    return cls.__pydantic_validator__.validate_python(
           ~~~~~~~~~~~~~~~~~~~~~~~~~~~~~~~~~~~~~~~~~~^
        obj,
        ^^^^
    ...<5 lines>...
        by_name=by_name,
        ^^^^^^^^^^^^^^^^
    )
    ^
pydantic_core._pydantic_core.ValidationError: 1 validation error for MonitoringItemResponse
owners.0.operator_id
  Input should be a valid integer [type=int_type, input_value=None, input_type=NoneType]
    For further information visit https://errors.pydantic.dev/2.12/v/int_type

----------------------------
--- INTERNAL SERVER ERROR ---
Path: /api/v1/projects/tasks
Error: 3 validation errors:
  {'type': 'get_attribute_error', 'loc': ('response', 'comments'), 'msg': "Error extracting attribute: MissingGreenlet: greenlet_spawn has not been called; can't call await_only() here. Was IO attempted in an unexpected place? (Background on this error at: https://sqlalche.me/e/20/xd2s)", 'input': <app.models.models.ProjectTask object at 0x10a333bf0>, 'ctx': {'error': "MissingGreenlet: greenlet_spawn has not been called; can't call await_only() here. Was IO attempted in an unexpected place? (Background on this error at: https://sqlalche.me/e/20/xd2s)"}}
  {'type': 'get_attribute_error', 'loc': ('response', 'qa_items'), 'msg': "Error extracting attribute: MissingGreenlet: greenlet_spawn has not been called; can't call await_only() here. Was IO attempted in an unexpected place? (Background on this error at: https://sqlalche.me/e/20/xd2s)", 'input': <app.models.models.ProjectTask object at 0x10a333bf0>, 'ctx': {'error': "MissingGreenlet: greenlet_spawn has not been called; can't call await_only() here. Was IO attempted in an unexpected place? (Background on this error at: https://sqlalche.me/e/20/xd2s)"}}
  {'type': 'get_attribute_error', 'loc': ('response', 'subtasks'), 'msg': "Error extracting attribute: MissingGreenlet: greenlet_spawn has not been called; can't call await_only() here. Was IO attempted in an unexpected place? (Background on this error at: https://sqlalche.me/e/20/xd2s)", 'input': <app.models.models.ProjectTask object at 0x10a333bf0>, 'ctx': {'error': "MissingGreenlet: greenlet_spawn has not been called; can't call await_only() here. Was IO attempted in an unexpected place? (Background on this error at: https://sqlalche.me/e/20/xd2s)"}}

  File "/Users/haewonkim/home/development/sysgrid/backend/app/api/projects.py", line 178, in create_task
    POST /api/v1/projects/tasks
Traceback (most recent call last):
  File "/Users/haewonkim/home/development/sysgrid/backend/venv/lib/python3.13/site-packages/starlette/middleware/errors.py", line 164, in __call__
    await self.app(scope, receive, _send)
  File "/Users/haewonkim/home/development/sysgrid/backend/venv/lib/python3.13/site-packages/starlette/middleware/cors.py", line 88, in __call__
    await self.app(scope, receive, send)
  File "/Users/haewonkim/home/development/sysgrid/backend/venv/lib/python3.13/site-packages/starlette/middleware/exceptions.py", line 63, in __call__
    await wrap_app_handling_exceptions(self.app, conn)(scope, receive, send)
  File "/Users/haewonkim/home/development/sysgrid/backend/venv/lib/python3.13/site-packages/starlette/_exception_handler.py", line 53, in wrapped_app
    raise exc
  File "/Users/haewonkim/home/development/sysgrid/backend/venv/lib/python3.13/site-packages/starlette/_exception_handler.py", line 42, in wrapped_app
    await app(scope, receive, sender)
  File "/Users/haewonkim/home/development/sysgrid/backend/venv/lib/python3.13/site-packages/fastapi/middleware/asyncexitstack.py", line 18, in __call__
    await self.app(scope, receive, send)
  File "/Users/haewonkim/home/development/sysgrid/backend/venv/lib/python3.13/site-packages/starlette/routing.py", line 660, in __call__
    await self.middleware_stack(scope, receive, send)
  File "/Users/haewonkim/home/development/sysgrid/backend/venv/lib/python3.13/site-packages/starlette/routing.py", line 680, in app
    await route.handle(scope, receive, send)
  File "/Users/haewonkim/home/development/sysgrid/backend/venv/lib/python3.13/site-packages/starlette/routing.py", line 276, in handle
    await self.app(scope, receive, send)
  File "/Users/haewonkim/home/development/sysgrid/backend/venv/lib/python3.13/site-packages/fastapi/routing.py", line 134, in app
    await wrap_app_handling_exceptions(app, request)(scope, receive, send)
  File "/Users/haewonkim/home/development/sysgrid/backend/venv/lib/python3.13/site-packages/starlette/_exception_handler.py", line 53, in wrapped_app
    raise exc
  File "/Users/haewonkim/home/development/sysgrid/backend/venv/lib/python3.13/site-packages/starlette/_exception_handler.py", line 42, in wrapped_app
    await app(scope, receive, sender)
  File "/Users/haewonkim/home/development/sysgrid/backend/venv/lib/python3.13/site-packages/fastapi/routing.py", line 120, in app
    response = await f(request)
               ^^^^^^^^^^^^^^^^
  File "/Users/haewonkim/home/development/sysgrid/backend/venv/lib/python3.13/site-packages/fastapi/routing.py", line 695, in app
    content = await serialize_response(
              ^^^^^^^^^^^^^^^^^^^^^^^^^
    ...<11 lines>...
    )
    ^
  File "/Users/haewonkim/home/development/sysgrid/backend/venv/lib/python3.13/site-packages/fastapi/routing.py", line 300, in serialize_response
    raise ResponseValidationError(
    ...<3 lines>...
    )
fastapi.exceptions.ResponseValidationError: 3 validation errors:
  {'type': 'get_attribute_error', 'loc': ('response', 'comments'), 'msg': "Error extracting attribute: MissingGreenlet: greenlet_spawn has not been called; can't call await_only() here. Was IO attempted in an unexpected place? (Background on this error at: https://sqlalche.me/e/20/xd2s)", 'input': <app.models.models.ProjectTask object at 0x10a333bf0>, 'ctx': {'error': "MissingGreenlet: greenlet_spawn has not been called; can't call await_only() here. Was IO attempted in an unexpected place? (Background on this error at: https://sqlalche.me/e/20/xd2s)"}}
  {'type': 'get_attribute_error', 'loc': ('response', 'qa_items'), 'msg': "Error extracting attribute: MissingGreenlet: greenlet_spawn has not been called; can't call await_only() here. Was IO attempted in an unexpected place? (Background on this error at: https://sqlalche.me/e/20/xd2s)", 'input': <app.models.models.ProjectTask object at 0x10a333bf0>, 'ctx': {'error': "MissingGreenlet: greenlet_spawn has not been called; can't call await_only() here. Was IO attempted in an unexpected place? (Background on this error at: https://sqlalche.me/e/20/xd2s)"}}
  {'type': 'get_attribute_error', 'loc': ('response', 'subtasks'), 'msg': "Error extracting attribute: MissingGreenlet: greenlet_spawn has not been called; can't call await_only() here. Was IO attempted in an unexpected place? (Background on this error at: https://sqlalche.me/e/20/xd2s)", 'input': <app.models.models.ProjectTask object at 0x10a333bf0>, 'ctx': {'error': "MissingGreenlet: greenlet_spawn has not been called; can't call await_only() here. Was IO attempted in an unexpected place? (Background on this error at: https://sqlalche.me/e/20/xd2s)"}}

  File "/Users/haewonkim/home/development/sysgrid/backend/app/api/projects.py", line 178, in create_task
    POST /api/v1/projects/tasks

----------------------------
