PASS (1) FAIL (4)

1. preserves lifecycle status, recovery linking, and knowledge jump paths
   Error: [2mexpect([22m[31mlocator[39m[2m).[22mtoBeVisible[2m([22m[2m)[22m failed
   
   Locator: getByRole('dialog').getByText('PW-MON-1783653680635-p9dxf1', { exact: true })
   Expected: visible
   Timeout: 15000ms
   Error: element(s) not found
   
   Call log:
   [2m  - Expect "toBeVisible" with timeout 15000ms[22m
   [2m  - waiting for getByRole('dialog').getByText('PW-MON-1783653680635-p9dxf1', { exact: true })[22m
   
   
     80 |     await page.goto(`/monitoring?id=${monitoring.id}`)
     81 |     await expectWorkspaceRoute(page, '/monitoring')
   > 82 |     await expect(page.getByRole('dialog').getByText(monitoring.title, { exact: true })).toBeVisible()
        |                                                                                         ^
     83 |     await clickResilientButton(page, 'Recovery')
     84 |     await expect(page.getByText('Recovery Procedures').last()).toBeVisible()
     85 |     await expect(page.getByText(knowledge.title)).toBeVisible()
       at /Users/haewonkim/home/development/sysgrid/frontend/tests/monitoring-workflows.spec.ts:82:89
2. edits an existing monitor without save errors and persists the updated fields
   Error: [2mexpect([22m[31mlocator[39m[2m).[22mtoBeVisible[2m([22m[2m)[22m failed
   
   Locator: getByRole('dialog').getByText('PW-MON-1783653702584-uaijs6', { exact: true })
   Expected: visible
   Timeout: 15000ms
   Error: element(s) not found
   
   Call log:
   [2m  - Expect "toBeVisible" with timeout 15000ms[22m
   [2m  - waiting for getByRole('dialog').getByText('PW-MON-1783653702584-uaijs6', { exact: true })[22m
   
   
     175 |
     176 |     await gotoView(page, `/monitoring?id=${monitoring.id}`, 'Monitoring', 'monitoring')
   > 177 |     await expect(page.getByRole('dialog').getByText(monitoring.title, { exact: true })).toBeVisible()
         |                                                                                         ^
     178 |     await clickResilientButton(page, 'Edit Monitor')
     179 |     await expect(page.getByText('Update Monitoring')).toBeVisible()
     180 |
       at /Users/haewonkim/home/development/sysgrid/frontend/tests/monitoring-workflows.spec.ts:177:89
3. keeps default title sizing dynamic and preserves human resized widths only in saved views
   Error: Could not find resilient button matching any of: /^PW Width View 1783653720032/
   
      at helpers/sysgrid.ts:903
   
     901 |     }
     902 |   }
   > 903 |   throw new Error(`Could not find resilient button matching any of: ${names.join(', ')}`)
         |         ^
     904 | }
     905 |
     906 | export async function verifyGridRowRobust(page: Page, searchString: string | RegExp) {
       at clickResilientButton (/Users/haewonkim/home/development/sysgrid/frontend/tests/helpers/sysgrid.ts:903:9)
       at /Users/haewonkim/home/development/sysgrid/frontend/tests/monitoring-workflows.spec.ts:317:5
4. imports monitoring rows through the shared operational import modal
   Error: [2mexpect([22m[31mlocator[39m[2m).[22mtoBeEnabled[2m([22m[2m)[22m failed
   
   Locator:  getByRole('button', { name: /^Import(?: \d+)?$/ }).last()
   Expected: enabled
   Received: disabled
   Timeout:  15000ms
   
   Call log:
   [2m  - Expect "toBeEnabled" with timeout 15000ms[22m
   [2m  - waiting for getByRole('button', { name: /^Import(?: \d+)?$/ }).last()[22m
   [2m    33 × locator resolved to <button disabled type="button" class="h-9 inline-flex items-center justify-center gap-2 rounded-lg px-3 py-0 text-[10px] font-bold uppercase tracking-widest whitespace-nowrap shrink-0 transition-all active:scale-95 disabled:cursor-not-allowed disabled:opacity-40 bg-blue-600 text-white shadow-lg shadow-blue-500/20 hover:bg-blue-500 !inline-flex !flex-row !items-center !justify-center gap-2 px-8 !whitespace-nowrap">…</button>[22m
   [2m       - unexpected value "disabled"[22m
   
   
     347 |     const importButton = page.getByRole('button', { name: /^Import(?: \d+)?$/ }).last()
     348 |     await expect(importButton).toBeVisible()
   > 349 |     await expect(importButton).toBeEnabled()
         |                                ^
     350 |     await importButton.click()
     351 |     await expectToast(page, /Imported 1 row/i)
     352 |     await expect(page.getByRole('heading', { name: 'Monitoring Import' })).not.toBeVisible()
       at /Users/haewonkim/home/development/sysgrid/frontend/tests/monitoring-workflows.spec.ts:349:32

Time: 62383ms
[full output: ~/Library/Application Support/rtk/tee/1783653741_playwright.log]
