PASS (3) FAIL (2)

1. preserves lifecycle status, recovery linking, and knowledge jump paths
   Error: locator.click: Error: strict mode violation: getByRole('dialog').filter({ hasText: 'Recovery Procedures' }).getByRole('button', { name: 'Close' }) resolved to 3 elements:
       1) <button type="button" title="Close" class="group flex h-3 w-3 items-center justify-center rounded-full bg-[#ff5f57] transition-all hover:bg-[#ff5f57]/80">…</button> aka getByRole('button', { name: 'Close' }).first()
       2) <button type="button" class="h-9 inline-flex items-center justify-center gap-2 rounded-lg px-3 py-0 text-[10px] font-bold uppercase tracking-widest whitespace-nowrap shrink-0 transition-all active:scale-95 disabled:cursor-not-allowed disabled:opacity-40 bg-white/5 text-slate-400 border border-white/5 hover:border-white/10 hover:text-white whitespace-nowrap">Close</button> aka getByRole('button', { name: 'Close' }).nth(1)
       3) <button type="button" class="h-9 inline-flex items-center justify-center gap-2 rounded-lg px-3 py-0 text-[10px] font-bold uppercase tracking-widest whitespace-nowrap shrink-0 transition-all active:scale-95 disabled:cursor-not-allowed disabled:opacity-40 bg-white/5 text-slate-400 border border-white/5 hover:border-white/10 hover:text-white whitespace-nowrap">Close</button> aka getByRole('button', { name: 'Close' }).nth(2)
   
   Call log:
   [2m  - waiting for getByRole('dialog').filter({ hasText: 'Recovery Procedures' }).getByRole('button', { name: 'Close' })[22m
   
   
     94 |     await page.keyboard.press('Escape')
     95 |
   > 96 |     await page.getByRole('dialog').filter({ hasText: 'Recovery Procedures' }).getByRole('button', { name: 'Close' }).click()
        |                                                                                                                      ^
     97 |     await page.getByRole('dialog').filter({ hasText: monitoring.title }).getByText(knowledge.title, { exact: true }).click()
     98 |     await expect(page).toHaveURL(new RegExp(`/knowledge\\?id=${knowledge.id}`))
     99 |   })
       at /Users/haewonkim/home/development/sysgrid/frontend/tests/monitoring-workflows.spec.ts:96:118
2. imports monitoring rows through the shared operational import modal
   Error: [2mexpect([22m[31mlocator[39m[2m).[22mtoBeEnabled[2m([22m[2m)[22m failed
   
   Locator:  getByRole('button', { name: /^Import(?: \d+)?$/ }).last()
   Expected: enabled
   Received: disabled
   Timeout:  15000ms
   
   Call log:
   [2m  - Expect "toBeEnabled" with timeout 15000ms[22m
   [2m  - waiting for getByRole('button', { name: /^Import(?: \d+)?$/ }).last()[22m
   [2m    33 × locator resolved to <button disabled type="button" class="h-9 inline-flex items-center justify-center gap-2 rounded-lg px-3 py-0 text-[10px] font-bold uppercase tracking-widest whitespace-nowrap shrink-0 transition-all active:scale-95 disabled:cursor-not-allowed disabled:opacity-40 bg-blue-600 text-white shadow-lg shadow-blue-500/20 hover:bg-blue-500 !inline-flex !flex-row !items-center !justify-center gap-2 px-8 !whitespace-nowrap">…</button>[22m
   [2m       - unexpected value "disabled"[22m
   
   
     351 |     const importButton = page.getByRole('button', { name: /^Import(?: \d+)?$/ }).last()
     352 |     await expect(importButton).toBeVisible()
   > 353 |     await expect(importButton).toBeEnabled()
         |                                ^
     354 |     await importButton.click()
     355 |     await expectToast(page, /Imported 1 row/i)
     356 |     await expect(page.getByRole('heading', { name: 'Monitoring Import' })).not.toBeVisible()
       at /Users/haewonkim/home/development/sysgrid/frontend/tests/monitoring-workflows.spec.ts:353:32

Time: 34955ms
[full output: ~/Library/Application Support/rtk/tee/1783654922_playwright.log]
